<?xml version="1.0" encoding="UTF-8"?>
<!-- Generated by org.testng.reporters.JUnitReportReporter -->
<testsuite hostname="LAPTOP-9VS728M4" failures="0" tests="6" name="ALL_Question.Q_2" time="34.030" errors="0" timestamp="2023-07-12T16:24:19 IST" skipped="0">
  <testcase classname="ALL_Question.Q_2" name="test" time="3.210"/>
  <system-out/>
  <testcase classname="ALL_Question.Q_2" name="test" time="5.886"/>
  <system-out/>
  <testcase classname="ALL_Question.Q_2" name="test" time="16.656"/>
  <system-out/>
  <testcase classname="ALL_Question.Q_2" name="test" time="2.366"/>
  <system-out/>
  <testcase classname="ALL_Question.Q_2" name="test" time="4.739"/>
  <system-out/>
  <testcase classname="ALL_Question.Q_2" name="test" time="1.173"/>
  <system-out/>
</testsuite> <!-- ALL_Question.Q_2 -->
