<?xml version="1.0" encoding="UTF-8"?>
<!-- Generated by org.testng.reporters.JUnitReportReporter -->
<testsuite hostname="LAPTOP-9VS728M4" failures="0" tests="1" name="ALL_Question.Q_5" time="8.363" errors="0" timestamp="2023-06-30T15:38:28 IST" skipped="0">
  <testcase classname="ALL_Question.Q_5" name="login" time="8.363"/>
  <system-out/>
</testsuite> <!-- ALL_Question.Q_5 -->
